<?xml version="1.0" encoding="UTF-8"?>
<!-- Generated by org.testng.reporters.JUnitReportReporter -->
<testsuite hostname="BDC14-L-115FVMT" failures="0" tests="4" name="Day2.PostRequestWays" time="4.277" errors="0" timestamp="2024-03-07T16:31:05 IST" skipped="0">
  <testcase classname="Day2.PostRequestWays" name="postUsingHasMap" time="2.947"/>
  <testcase classname="Day2.PostRequestWays" name="postUsingJsonOrg" time="0.485"/>
  <testcase classname="Day2.PostRequestWays" name="postUsingPOJO" time="0.458"/>
  <testcase classname="Day2.PostRequestWays" name="postUsingJsonExternalFile" time="0.387"/>
</testsuite> <!-- Day2.PostRequestWays -->
