<?xml version="1.0" encoding="UTF-8"?>
<!-- Generated by org.testng.reporters.JUnitReportReporter -->
<testsuite hostname="BDC14-L-115FVMT" failures="0" tests="1" name="Day6.SerelizationAndDeserelization" time="0.459" errors="0" timestamp="2024-03-15T22:16:07 IST" skipped="0">
  <testcase classname="Day6.SerelizationAndDeserelization" name="convertJSONtoPOJO" time="0.459"/>
</testsuite> <!-- Day6.SerelizationAndDeserelization -->
