<?xml version="1.0" encoding="UTF-8"?>
<!-- Generated by org.testng.reporters.JUnitReportReporter -->
<testsuite hostname="BDC14-L-115FVMT" failures="0" tests="2" name="Day3.CookiesDemo" time="2.251" errors="0" timestamp="2024-03-07T17:35:07 IST" skipped="1">
  <testcase classname="Day3.CookiesDemo" name="getSingleCookies" time="2.251"/>
  <testcase classname="Day3.CookiesDemo" name="getCookies">
    <skipped/>
  </testcase> <!-- getCookies -->
</testsuite> <!-- Day3.CookiesDemo -->
