<?xml version="1.0" encoding="UTF-8"?>
<!-- Generated by org.testng.reporters.JUnitReportReporter -->
<testsuite hostname="BDC14-L-115FVMT" failures="0" tests="1" name="Day3.PathQerryParameter" time="1.450" errors="0" timestamp="2024-03-07T16:51:05 IST" skipped="0">
  <testcase classname="Day3.PathQerryParameter" name="pathReq" time="1.450"/>
</testsuite> <!-- Day3.PathQerryParameter -->
