<?xml version="1.0" encoding="UTF-8"?>
<!-- Generated by org.testng.reporters.JUnitReportReporter -->
<testsuite hostname="BDC14-L-115FVMT" failures="0" tests="1" name="Day7.JAVAFaker" time="0.295" errors="0" timestamp="2024-03-15T22:59:23 IST" skipped="0">
  <testcase classname="Day7.JAVAFaker" name="javafakervalidation" time="0.295"/>
</testsuite> <!-- Day7.JAVAFaker -->
